mode: set
github.com/sugarme/regexpset/regexpset.go:25.69,26.35 1 1
github.com/sugarme/regexpset/regexpset.go:34.2,34.34 1 1
github.com/sugarme/regexpset/regexpset.go:26.35,28.17 2 1
github.com/sugarme/regexpset/regexpset.go:28.17,31.4 2 0
github.com/sugarme/regexpset/regexpset.go:44.44,45.38 1 1
github.com/sugarme/regexpset/regexpset.go:51.2,51.14 1 0
github.com/sugarme/regexpset/regexpset.go:45.38,47.23 2 1
github.com/sugarme/regexpset/regexpset.go:47.23,49.4 1 1
github.com/sugarme/regexpset/regexpset.go:60.57,62.38 2 1
github.com/sugarme/regexpset/regexpset.go:65.2,66.30 2 1
github.com/sugarme/regexpset/regexpset.go:62.38,64.3 1 0
github.com/sugarme/regexpset/regexpset.go:70.59,73.38 3 1
github.com/sugarme/regexpset/regexpset.go:78.2,78.28 1 1
github.com/sugarme/regexpset/regexpset.go:85.2,88.3 1 1
github.com/sugarme/regexpset/regexpset.go:73.38,76.3 2 1
github.com/sugarme/regexpset/regexpset.go:78.28,79.8 1 1
github.com/sugarme/regexpset/regexpset.go:79.8,81.9 2 1
github.com/sugarme/regexpset/regexpset.go:100.61,102.38 2 1
github.com/sugarme/regexpset/regexpset.go:106.2,107.38 2 1
github.com/sugarme/regexpset/regexpset.go:114.2,114.14 1 1
github.com/sugarme/regexpset/regexpset.go:102.38,104.3 1 0
github.com/sugarme/regexpset/regexpset.go:107.38,109.31 2 1
github.com/sugarme/regexpset/regexpset.go:109.31,111.4 1 1
github.com/sugarme/regexpset/regexpset.go:118.31,120.2 1 1
github.com/sugarme/regexpset/regexpset.go:123.41,125.2 1 0
github.com/sugarme/regexpset/regexpset.go:137.40,139.2 1 1
github.com/sugarme/regexpset/regexpset.go:145.51,146.53 1 1
github.com/sugarme/regexpset/regexpset.go:150.2,150.31 1 1
github.com/sugarme/regexpset/regexpset.go:146.53,148.3 1 0
github.com/sugarme/regexpset/regexpset.go:155.32,157.2 1 0
github.com/sugarme/regexpset/regexpset.go:160.47,161.31 1 1
github.com/sugarme/regexpset/regexpset.go:166.2,166.15 1 1
github.com/sugarme/regexpset/regexpset.go:161.31,162.8 1 1
github.com/sugarme/regexpset/regexpset.go:162.8,164.4 1 1
github.com/sugarme/regexpset/regexpset.go:174.44,180.2 1 1
github.com/sugarme/regexpset/regexpset.go:191.57,192.37 1 1
github.com/sugarme/regexpset/regexpset.go:196.2,196.30 1 1
github.com/sugarme/regexpset/regexpset.go:201.2,203.21 2 1
github.com/sugarme/regexpset/regexpset.go:192.37,194.3 1 1
github.com/sugarme/regexpset/regexpset.go:196.30,198.3 1 1
github.com/sugarme/regexpset/regexpset.go:198.8,200.3 1 1
